2026-01-09T04:14:24.218505 score=0.50 q=ali lahko jahamo konja
2026-01-09T04:14:51.671513 score=0.50 q=kaj pa ponija?
2026-01-09T04:14:57.959178 score=0.67 q=Ponija če lahko jahamo
2026-01-09T04:19:26.048165 score=0.50 q=ali lahko jahamo konja
2026-01-09T04:19:30.122344 score=0.50 q=ali lahko jahamo konja
2026-01-09T04:20:31.424302 score=0.60 q=ali lahko jahamo konja/ponija”
2026-01-09T04:20:33.604844 score=0.60 q=ali lahko jahamo konja/ponija
2026-01-09T04:23:23.677400 score=0.50 q=ali lahko jahamo konja?
2026-01-09T04:46:57.333183 score=0.50 q=kaj pa ljudje
2026-01-09T04:47:28.593776 score=0.50 q=krave če imate
2026-01-09T04:47:59.780504 score=0.67 q=kako naročim izdelke
2026-01-09T04:47:59.804233 score=0.50 q=kakšna vina imate
2026-01-09T04:51:56.376488 score=0.33 q=kako pridem do Areha
2026-01-09T04:52:07.518932 score=0.33 q=kako pridem do Areha
2026-01-09T04:53:27.570679 score=0.33 q=kako pridem do Areha
2026-01-09T05:03:35.746580 score=0.33 q=kako pridem do Areha
2026-01-09T05:12:00.704413 score=0.33 q=kako pridem do Areha
2026-01-09T05:38:49.999914 score=0.33 q=Ob kateri uri odprete?
2026-01-09T05:38:50.082827 score=0.62 q=Ali imate odprto za praznike?
2026-01-09T05:38:50.123306 score=0.50 q=Ali moram rezervirati vnaprej?
2026-01-09T05:38:50.350548 score=0.33 q=Imate vegetarijansko hrano?
2026-01-09T05:38:50.408170 score=0.33 q=Koliko stane kosilo?
2026-01-09T05:38:50.434382 score=0.67 q=Imate degustacijski meni?
2026-01-09T05:38:50.448645 score=0.40 q=Koliko hodov ima degustacijski meni?
2026-01-09T05:38:50.469853 score=0.50 q=Ali prilagodite hrano za alergike?
2026-01-09T05:38:50.543997 score=0.33 q=Koliko sob imate?
2026-01-09T05:38:50.581069 score=0.67 q=Katere sobe imate?
2026-01-09T05:38:50.606745 score=0.38 q=Koliko stane soba za 2 osebi?
2026-01-09T05:38:50.632342 score=0.33 q=Imate družinsko sobo?
2026-01-09T05:38:50.774347 score=0.33 q=Lahko pridem s psom?
2026-01-09T05:38:50.797180 score=0.50 q=Kako plačam?
2026-01-09T05:38:50.859238 score=0.50 q=Kaj je vključeno v ceno sobe?
2026-01-09T05:38:50.882433 score=0.38 q=Katera soba je najboljša za družino?
2026-01-09T05:38:50.906745 score=0.40 q=Koliko oseb gre v eno sobo?
2026-01-09T05:38:50.955517 score=0.50 q=Povejte mi o družini.
2026-01-09T05:38:51.005422 score=0.62 q=Kdo kuha pri vas?
2026-01-09T05:38:51.054927 score=0.33 q=Koliko zemlje imate?
2026-01-09T05:38:51.116657 score=0.50 q=Lahko otroci vidijo živali?
2026-01-09T05:38:51.278433 score=0.67 q=Kako vas najdem?
2026-01-09T05:38:51.301750 score=0.25 q=Koliko ste oddaljeni od Maribora?
2026-01-09T05:38:51.354904 score=0.33 q=Kakšen je vaš email?
2026-01-09T05:38:51.418007 score=0.33 q=Imate koordinate za GPS?
2026-01-09T05:38:51.562203 score=0.33 q=Imate domačo salamo?
2026-01-09T05:38:51.583854 score=0.60 q=Kje lahko kupim vaše izdelke?
2026-01-09T05:38:51.641462 score=0.67 q=Imate darilne bone?
2026-01-09T05:38:51.687992 score=0.67 q=Ali lahko kupim izdelke preko spleta?
2026-01-09T05:38:51.726824 score=0.33 q=Imate vinsko karto?
2026-01-09T05:38:51.751123 score=0.50 q=Ali ponujate vinsko spremljavo?
2026-01-09T05:38:51.775753 score=0.62 q=Ali imate lokalna vina?
2026-01-09T05:38:51.849293 score=0.38 q=Kakšen izlet priporočate v bližini?
2026-01-09T05:38:51.888807 score=0.50 q=Kako pridem v Rače?
2026-01-09T05:51:05.163438 score=0.38 q=Koliko stane soba za 2 osebi?
2026-01-09T05:51:05.187243 score=0.33 q=Imate družinsko sobo?
2026-01-09T05:51:05.374514 score=0.50 q=Kaj je vključeno v ceno sobe?
2026-01-09T05:51:05.395712 score=0.38 q=Katera soba je najboljša za družino?
2026-01-09T05:51:05.418921 score=0.40 q=Koliko oseb gre v eno sobo?
2026-01-09T05:51:06.110866 score=0.50 q=Lahko otroci vidijo živali?
2026-01-09T05:51:06.555097 score=0.33 q=Imate domačo salamo?
2026-01-09T05:51:06.649546 score=0.60 q=Kje lahko kupim vaše izdelke?
2026-01-09T05:51:06.717945 score=0.67 q=Imate darilne bone?
2026-01-09T05:51:06.780705 score=0.33 q=Imate vinsko karto?
2026-01-09T05:51:06.817141 score=0.62 q=Ali imate lokalna vina?
2026-01-09T05:51:07.047395 score=0.38 q=Kakšen izlet priporočate v bližini?
2026-01-09T05:51:07.086364 score=0.50 q=Kako pridem v Rače?
2026-01-09T05:51:07.183977 score=0.50 q=Rad bi rezerviral sobo za vikend.
2026-01-09T05:51:07.211471 score=0.50 q=Ali lahko rezerviram sobo?
2026-01-09T05:56:41.257643 score=0.33 q=Imate družinsko sobo?
2026-01-09T05:57:44.374080 score=0.33 q=Imate družinsko sobo?
2026-01-09T05:58:40.312973 score=0.33 q=Imate družinsko sobo?
2026-01-09T05:58:40.521532 score=0.38 q=Katera soba je najboljša za družino?
2026-01-09T05:58:41.330273 score=0.33 q=Imate domačo salamo?
2026-01-09T05:58:41.470246 score=0.33 q=Imate vinsko karto?
2026-01-09T05:58:41.718643 score=0.38 q=Kakšen izlet priporočate v bližini?
2026-01-09T05:58:41.758685 score=0.50 q=Kako pridem v Rače?
2026-01-09T05:58:41.857817 score=0.50 q=Rad bi rezerviral sobo za vikend.
2026-01-09T05:58:41.886174 score=0.50 q=Ali lahko rezerviram sobo?
2026-01-09T06:00:35.997488 score=0.38 q=Katera soba je najboljša za družino?
2026-01-09T06:00:37.142500 score=0.38 q=Kakšen izlet priporočate v bližini?
2026-01-09T06:00:37.184270 score=0.50 q=Kako pridem v Rače?
2026-01-09T06:58:28.407720 score=0.38 q=Kakšen izlet priporočate v bližini?
2026-01-09T06:58:28.447586 score=0.50 q=Kako pridem v Rače?
